<?xml version="1.0" encoding="UTF-8"?>
<!-- Generated by org.testng.reporters.JUnitXMLReporter -->
<testsuite ignored="0" hostname="LAPTOP-OK384MD2" failures="0" tests="3" name="Nopackage" time="11.638" errors="0" timestamp="2022-06-09T09:34:13 CDT">
  <testcase classname="com.real.practice.RealPractice" name="myTest" time="0.574"/>
  <testcase classname="com.real.practice.RealPractice" name="myTest1" time="0.626"/>
  <testcase classname="com.real.practice.RealPractice" name="myTest2" time="0.711"/>
</testsuite> <!-- Nopackage -->
